Release 14.2 - xst P.28xd (nt64)
Copyright (c) 1995-2012 Xilinx, Inc.  All rights reserved.
--> Parameter TMPDIR set to xst/projnav.tmp


Total REAL time to Xst completion: 1.00 secs
Total CPU time to Xst completion: 0.07 secs
 
--> Parameter xsthdpdir set to xst


Total REAL time to Xst completion: 1.00 secs
Total CPU time to Xst completion: 0.07 secs
 
--> Reading design: beginning.prj

TABLE OF CONTENTS
  1) Synthesis Options Summary
  2) HDL Compilation
  3) Design Hierarchy Analysis
  4) HDL Analysis
  5) HDL Synthesis
     5.1) HDL Synthesis Report
  6) Advanced HDL Synthesis
     6.1) Advanced HDL Synthesis Report
  7) Low Level Synthesis
  8) Partition Report
  9) Final Report
	9.1) Device utilization summary
	9.2) Partition Resource Summary
	9.3) TIMING REPORT


=========================================================================
*                      Synthesis Options Summary                        *
=========================================================================
---- Source Parameters
Input File Name                    : "beginning.prj"
Input Format                       : mixed
Ignore Synthesis Constraint File   : NO

---- Target Parameters
Output File Name                   : "beginning"
Output Format                      : NGC
Target Device                      : xc3s100e-4-cp132

---- Source Options
Top Module Name                    : beginning
Automatic FSM Extraction           : YES
FSM Encoding Algorithm             : Auto
Safe Implementation                : No
FSM Style                          : LUT
RAM Extraction                     : Yes
RAM Style                          : Auto
ROM Extraction                     : Yes
Mux Style                          : Auto
Decoder Extraction                 : YES
Priority Encoder Extraction        : Yes
Shift Register Extraction          : YES
Logical Shifter Extraction         : YES
XOR Collapsing                     : YES
ROM Style                          : Auto
Mux Extraction                     : Yes
Resource Sharing                   : YES
Asynchronous To Synchronous        : NO
Multiplier Style                   : Auto
Automatic Register Balancing       : No

---- Target Options
Add IO Buffers                     : YES
Global Maximum Fanout              : 100000
Add Generic Clock Buffer(BUFG)     : 24
Register Duplication               : YES
Slice Packing                      : YES
Optimize Instantiated Primitives   : NO
Use Clock Enable                   : Yes
Use Synchronous Set                : Yes
Use Synchronous Reset              : Yes
Pack IO Registers into IOBs        : Auto
Equivalent register Removal        : YES

---- General Options
Optimization Goal                  : Speed
Optimization Effort                : 1
Keep Hierarchy                     : No
Netlist Hierarchy                  : As_Optimized
RTL Output                         : Yes
Global Optimization                : AllClockNets
Read Cores                         : YES
Write Timing Constraints           : NO
Cross Clock Analysis               : NO
Hierarchy Separator                : /
Bus Delimiter                      : <>
Case Specifier                     : Maintain
Slice Utilization Ratio            : 100
BRAM Utilization Ratio             : 100
Verilog 2001                       : YES
Auto BRAM Packing                  : NO
Slice Utilization Ratio Delta      : 5

=========================================================================


=========================================================================
*                          HDL Compilation                              *
=========================================================================
Compiling verilog file "Up_counter_2bit.v" in library work
Compiling verilog file "D_flipflop.v" in library work
Module <UpCounter_SyncReset> compiled
Compiling verilog file "dec2x4.v" in library work
Module <D_flipflop> compiled
Compiling verilog file "Rising_Edge_Detector.v" in library work
Module <dec2x4> compiled
Compiling verilog file "ring_counter.v" in library work
Module <Rising_Edge_Detector> compiled
Compiling verilog file "dec.v" in library work
Module <ring_counter> compiled
Compiling verilog file "debouncing.v" in library work
Module <de_7seg> compiled
Compiling verilog file "clk_divider2.v" in library work
Module <Debouncing> compiled
Compiling verilog file "clk_divider.v" in library work
Module <clk_divider2> compiled
Compiling verilog file "beginning.v" in library work
Module <clk_divider> compiled
Module <beginning> compiled
No errors in compilation
Analysis of file <"beginning.prj"> succeeded.
 

=========================================================================
*                     Design Hierarchy Analysis                         *
=========================================================================
Analyzing hierarchy for module <beginning> in library <work> with parameters.
	state_A = "0"
	state_B = "1"

Analyzing hierarchy for module <clk_divider> in library <work>.

Analyzing hierarchy for module <clk_divider2> in library <work>.

Analyzing hierarchy for module <Debouncing> in library <work>.

Analyzing hierarchy for module <Rising_Edge_Detector> in library <work> with parameters.
	EDGE = "10"
	ONE = "00"
	X = "11"
	ZERO = "01"

Analyzing hierarchy for module <ring_counter> in library <work>.

Analyzing hierarchy for module <de_7seg> in library <work>.

Analyzing hierarchy for module <D_flipflop> in library <work>.

Analyzing hierarchy for module <UpCounter_SyncReset> in library <work>.

Analyzing hierarchy for module <dec2x4> in library <work>.


=========================================================================
*                            HDL Analysis                               *
=========================================================================
Analyzing top module <beginning>.
	state_A = 1'b0
	state_B = 1'b1
Module <beginning> is correct for synthesis.
 
Analyzing module <clk_divider> in library <work>.
Module <clk_divider> is correct for synthesis.
 
Analyzing module <clk_divider2> in library <work>.
Module <clk_divider2> is correct for synthesis.
 
Analyzing module <Debouncing> in library <work>.
Module <Debouncing> is correct for synthesis.
 
Analyzing module <D_flipflop> in library <work>.
Module <D_flipflop> is correct for synthesis.
 
Analyzing module <Rising_Edge_Detector> in library <work>.
	EDGE = 2'b10
	ONE = 2'b00
	X = 2'b11
	ZERO = 2'b01
Module <Rising_Edge_Detector> is correct for synthesis.
 
Analyzing module <ring_counter> in library <work>.
Module <ring_counter> is correct for synthesis.
 
Analyzing module <UpCounter_SyncReset> in library <work>.
Module <UpCounter_SyncReset> is correct for synthesis.
 
Analyzing module <dec2x4> in library <work>.
Module <dec2x4> is correct for synthesis.
 
Analyzing module <de_7seg> in library <work>.
Module <de_7seg> is correct for synthesis.
 

=========================================================================
*                           HDL Synthesis                               *
=========================================================================

Performing bidirectional port resolution...

Synthesizing Unit <clk_divider>.
    Related source file is "clk_divider.v".
    Found 1-bit register for signal <Clk2>.
    Found 33-bit comparator less for signal <Clk2$cmp_lt0000> created at line 28.
    Found 32-bit up counter for signal <counter>.
    Summary:
	inferred   1 Counter(s).
	inferred   1 D-type flip-flop(s).
	inferred   1 Comparator(s).
Unit <clk_divider> synthesized.


Synthesizing Unit <clk_divider2>.
    Related source file is "clk_divider2.v".
    Found 1-bit register for signal <Clk2>.
    Found 33-bit comparator less for signal <Clk2$cmp_lt0000> created at line 25.
    Found 32-bit up counter for signal <counter>.
    Summary:
	inferred   1 Counter(s).
	inferred   1 D-type flip-flop(s).
	inferred   1 Comparator(s).
Unit <clk_divider2> synthesized.


Synthesizing Unit <Rising_Edge_Detector>.
    Related source file is "Rising_Edge_Detector.v".
INFO:Xst:1799 - State 11 is never reached in FSM <state>.
    Found finite state machine <FSM_0> for signal <state>.
    -----------------------------------------------------------------------
    | States             | 3                                              |
    | Transitions        | 6                                              |
    | Inputs             | 1                                              |
    | Outputs            | 1                                              |
    | Clock              | clk                       (rising_edge)        |
    | Reset              | rst                       (negative)           |
    | Reset type         | asynchronous                                   |
    | Reset State        | 01                                             |
    | Encoding           | automatic                                      |
    | Implementation     | LUT                                            |
    -----------------------------------------------------------------------
    Summary:
	inferred   1 Finite State Machine(s).
Unit <Rising_Edge_Detector> synthesized.


Synthesizing Unit <de_7seg>.
    Related source file is "dec.v".
Unit <de_7seg> synthesized.


Synthesizing Unit <D_flipflop>.
    Related source file is "D_flipflop.v".
    Found 1-bit register for signal <Q>.
    Summary:
	inferred   1 D-type flip-flop(s).
Unit <D_flipflop> synthesized.


Synthesizing Unit <UpCounter_SyncReset>.
    Related source file is "Up_counter_2bit.v".
    Found 2-bit up counter for signal <Q>.
    Summary:
	inferred   1 Counter(s).
Unit <UpCounter_SyncReset> synthesized.


Synthesizing Unit <dec2x4>.
    Related source file is "dec2x4.v".
    Found 1-of-4 decoder for signal <Out>.
    Summary:
	inferred   1 Decoder(s).
Unit <dec2x4> synthesized.


Synthesizing Unit <Debouncing>.
    Related source file is "debouncing.v".
Unit <Debouncing> synthesized.


Synthesizing Unit <ring_counter>.
    Related source file is "ring_counter.v".
Unit <ring_counter> synthesized.


Synthesizing Unit <beginning>.
    Related source file is "beginning.v".
WARNING:Xst:646 - Signal <Clk3> is assigned but never used. This unconnected signal will be trimmed during the optimization process.
    Found 1-bit register for signal <state>.
    Summary:
	inferred   1 D-type flip-flop(s).
Unit <beginning> synthesized.


=========================================================================
HDL Synthesis Report

Macro Statistics
# Counters                                             : 3
 2-bit up counter                                      : 1
 32-bit up counter                                     : 2
# Registers                                            : 9
 1-bit register                                        : 9
# Comparators                                          : 2
 33-bit comparator less                                : 2
# Decoders                                             : 1
 1-of-4 decoder                                        : 1

=========================================================================

=========================================================================
*                       Advanced HDL Synthesis                          *
=========================================================================

Analyzing FSM <FSM_0> for best encoding.
Optimizing FSM <As/state/FSM> on signal <state[1:2]> with user encoding.
Optimizing FSM <Bs/state/FSM> on signal <state[1:2]> with user encoding.
-------------------
 State | Encoding
-------------------
 00    | 00
 01    | 01
 10    | 10
 11    | unreached
-------------------
WARNING:Xst:1290 - Hierarchical block <i2> is unconnected in block <beginning>.
   It will be removed from the design.

=========================================================================
Advanced HDL Synthesis Report

Macro Statistics
# FSMs                                                 : 1
# Counters                                             : 3
 2-bit up counter                                      : 1
 32-bit up counter                                     : 2
# Registers                                            : 9
 Flip-Flops                                            : 9
# Comparators                                          : 2
 33-bit comparator less                                : 2
# Decoders                                             : 1
 1-of-4 decoder                                        : 1

=========================================================================

=========================================================================
*                         Low Level Synthesis                           *
=========================================================================
WARNING:Xst:2677 - Node <i2/Clk2> of sequential type is unconnected in block <beginning>.

Optimizing unit <beginning> ...

Mapping all equations...
Building and optimizing final netlist ...
Found area constraint ratio of 100 (+ 5) on block beginning, actual ratio is 3.

Final Macro Processing ...

=========================================================================
Final Register Report

Macro Statistics
# Registers                                            : 46
 Flip-Flops                                            : 46

=========================================================================

=========================================================================
*                           Partition Report                            *
=========================================================================

Partition Implementation Status
-------------------------------

  No Partitions were found in this design.

-------------------------------

=========================================================================
*                            Final Report                               *
=========================================================================
Final Results
RTL Top Level Output File Name     : beginning.ngr
Top Level Output File Name         : beginning
Output Format                      : NGC
Optimization Goal                  : Speed
Keep Hierarchy                     : No

Design Statistics
# IOs                              : 16

Cell Usage :
# BELS                             : 137
#      GND                         : 1
#      INV                         : 8
#      LUT1                        : 35
#      LUT2                        : 5
#      LUT3                        : 5
#      LUT4                        : 6
#      MUXCY                       : 44
#      VCC                         : 1
#      XORCY                       : 32
# FlipFlops/Latches                : 46
#      FDC                         : 9
#      FDE                         : 1
#      FDP                         : 2
#      FDR                         : 34
# Clock Buffers                    : 1
#      BUFGP                       : 1
# IO Buffers                       : 15
#      IBUF                        : 3
#      OBUF                        : 12
=========================================================================

Device utilization summary:
---------------------------

Selected Device : 3s100ecp132-4 

 Number of Slices:                       32  out of    960     3%  
 Number of Slice Flip Flops:             46  out of   1920     2%  
 Number of 4 input LUTs:                 59  out of   1920     3%  
 Number of IOs:                          16
 Number of bonded IOBs:                  16  out of     83    19%  
 Number of GCLKs:                         1  out of     24     4%  

---------------------------
Partition Resource Summary:
---------------------------

  No Partitions were found in this design.

---------------------------


=========================================================================
TIMING REPORT

NOTE: THESE TIMING NUMBERS ARE ONLY A SYNTHESIS ESTIMATE.
      FOR ACCURATE TIMING INFORMATION PLEASE REFER TO THE TRACE REPORT
      GENERATED AFTER PLACE-and-ROUTE.

Clock Information:
------------------
-----------------------------------+------------------------+-------+
Clock Signal                       | Clock buffer(FF name)  | Load  |
-----------------------------------+------------------------+-------+
i/Clk2                             | NONE(state)            | 3     |
Clk                                | BUFGP                  | 43    |
-----------------------------------+------------------------+-------+
INFO:Xst:2169 - HDL ADVISOR - Some clock signals were not automatically buffered by XST with BUFG/BUFR resources. Please use the buffer_type constraint in order to insert these buffers to the clock signals to help prevent skew problems.

Asynchronous Control Signals Information:
----------------------------------------
-------------------------------------------------------------+------------------------+-------+
Control Signal                                               | Buffer(FF name)        | Load  |
-------------------------------------------------------------+------------------------+-------+
As/state_FSM_Acst_FSM_inv(As/state_FSM_Acst_FSM_inv1_INV_0:O)| NONE(As/state_FSM_FFd1)| 11    |
-------------------------------------------------------------+------------------------+-------+

Timing Summary:
---------------
Speed Grade: -4

   Minimum period: 5.535ns (Maximum Frequency: 180.684MHz)
   Minimum input arrival time before clock: 3.762ns
   Maximum output required time after clock: 5.870ns
   Maximum combinational path delay: No path found

Timing Detail:
--------------
All values displayed in nanoseconds (ns)

=========================================================================
Timing constraint: Default period analysis for Clock 'i/Clk2'
  Clock period: 3.497ns (frequency: 285.959MHz)
  Total number of paths / destination ports: 8 / 5
-------------------------------------------------------------------------
Delay:               3.497ns (Levels of Logic = 1)
  Source:            manipulator/two_bit_counter/Q_1 (FF)
  Destination:       manipulator/two_bit_counter/Q_0 (FF)
  Source Clock:      i/Clk2 rising
  Destination Clock: i/Clk2 rising

  Data Path: manipulator/two_bit_counter/Q_1 to manipulator/two_bit_counter/Q_0
                                Gate     Net
    Cell:in->out      fanout   Delay   Delay  Logical Name (Net Name)
    ----------------------------------------  ------------
     FDR:C->Q              6   0.591   0.844  manipulator/two_bit_counter/Q_1 (manipulator/two_bit_counter/Q_1)
     LUT3:I0->O            2   0.704   0.447  manipulator/two_bit_counter/Q_or00001 (manipulator/two_bit_counter/Q_or0000)
     FDR:R                     0.911          manipulator/two_bit_counter/Q_0
    ----------------------------------------
    Total                      3.497ns (2.206ns logic, 1.291ns route)
                                       (63.1% logic, 36.9% route)

=========================================================================
Timing constraint: Default period analysis for Clock 'Clk'
  Clock period: 5.535ns (frequency: 180.684MHz)
  Total number of paths / destination ports: 1438 / 74
-------------------------------------------------------------------------
Delay:               5.535ns (Levels of Logic = 14)
  Source:            i/counter_6 (FF)
  Destination:       i/counter_0 (FF)
  Source Clock:      Clk rising
  Destination Clock: Clk rising

  Data Path: i/counter_6 to i/counter_0
                                Gate     Net
    Cell:in->out      fanout   Delay   Delay  Logical Name (Net Name)
    ----------------------------------------  ------------
     FDR:C->Q              2   0.591   0.622  i/counter_6 (i/counter_6)
     LUT1:I0->O            1   0.704   0.000  i/Mcompar_Clk2_cmp_lt0000_cy<0>_rt (i/Mcompar_Clk2_cmp_lt0000_cy<0>_rt)
     MUXCY:S->O            1   0.464   0.000  i/Mcompar_Clk2_cmp_lt0000_cy<0> (i/Mcompar_Clk2_cmp_lt0000_cy<0>)
     MUXCY:CI->O           1   0.059   0.000  i/Mcompar_Clk2_cmp_lt0000_cy<1> (i/Mcompar_Clk2_cmp_lt0000_cy<1>)
     MUXCY:CI->O           1   0.059   0.000  i/Mcompar_Clk2_cmp_lt0000_cy<2> (i/Mcompar_Clk2_cmp_lt0000_cy<2>)
     MUXCY:CI->O           1   0.059   0.000  i/Mcompar_Clk2_cmp_lt0000_cy<3> (i/Mcompar_Clk2_cmp_lt0000_cy<3>)
     MUXCY:CI->O           1   0.059   0.000  i/Mcompar_Clk2_cmp_lt0000_cy<4> (i/Mcompar_Clk2_cmp_lt0000_cy<4>)
     MUXCY:CI->O           1   0.059   0.000  i/Mcompar_Clk2_cmp_lt0000_cy<5> (i/Mcompar_Clk2_cmp_lt0000_cy<5>)
     MUXCY:CI->O           1   0.059   0.000  i/Mcompar_Clk2_cmp_lt0000_cy<6> (i/Mcompar_Clk2_cmp_lt0000_cy<6>)
     MUXCY:CI->O           1   0.059   0.000  i/Mcompar_Clk2_cmp_lt0000_cy<7> (i/Mcompar_Clk2_cmp_lt0000_cy<7>)
     MUXCY:CI->O           1   0.059   0.000  i/Mcompar_Clk2_cmp_lt0000_cy<8> (i/Mcompar_Clk2_cmp_lt0000_cy<8>)
     MUXCY:CI->O           1   0.059   0.000  i/Mcompar_Clk2_cmp_lt0000_cy<9> (i/Mcompar_Clk2_cmp_lt0000_cy<9>)
     MUXCY:CI->O           1   0.059   0.000  i/Mcompar_Clk2_cmp_lt0000_cy<10> (i/Mcompar_Clk2_cmp_lt0000_cy<10>)
     MUXCY:CI->O           1   0.059   0.000  i/Mcompar_Clk2_cmp_lt0000_cy<11> (i/Mcompar_Clk2_cmp_lt0000_cy<11>)
     MUXCY:CI->O          33   0.331   1.263  i/Mcompar_Clk2_cmp_lt0000_cy<12> (i/Mcompar_Clk2_cmp_lt0000_cy<12>)
     FDR:R                     0.911          i/counter_0
    ----------------------------------------
    Total                      5.535ns (3.650ns logic, 1.885ns route)
                                       (65.9% logic, 34.1% route)

=========================================================================
Timing constraint: Default OFFSET IN BEFORE for Clock 'Clk'
  Total number of paths / destination ports: 2 / 2
-------------------------------------------------------------------------
Offset:              1.946ns (Levels of Logic = 1)
  Source:            x2 (PAD)
  Destination:       ne/ONE/Q (FF)
  Destination Clock: Clk rising

  Data Path: x2 to ne/ONE/Q
                                Gate     Net
    Cell:in->out      fanout   Delay   Delay  Logical Name (Net Name)
    ----------------------------------------  ------------
     IBUF:I->O             1   1.218   0.420  x2_IBUF (x2_IBUF)
     FDC:D                     0.308          ne/ONE/Q
    ----------------------------------------
    Total                      1.946ns (1.526ns logic, 0.420ns route)
                                       (78.4% logic, 21.6% route)

=========================================================================
Timing constraint: Default OFFSET IN BEFORE for Clock 'i/Clk2'
  Total number of paths / destination ports: 2 / 2
-------------------------------------------------------------------------
Offset:              3.762ns (Levels of Logic = 2)
  Source:            reset (PAD)
  Destination:       manipulator/two_bit_counter/Q_0 (FF)
  Destination Clock: i/Clk2 rising

  Data Path: reset to manipulator/two_bit_counter/Q_0
                                Gate     Net
    Cell:in->out      fanout   Delay   Delay  Logical Name (Net Name)
    ----------------------------------------  ------------
     IBUF:I->O             2   1.218   0.482  reset_IBUF (reset_IBUF)
     LUT3:I2->O            2   0.704   0.447  manipulator/two_bit_counter/Q_or00001 (manipulator/two_bit_counter/Q_or0000)
     FDR:R                     0.911          manipulator/two_bit_counter/Q_0
    ----------------------------------------
    Total                      3.762ns (2.833ns logic, 0.929ns route)
                                       (75.3% logic, 24.7% route)

=========================================================================
Timing constraint: Default OFFSET OUT AFTER for Clock 'i/Clk2'
  Total number of paths / destination ports: 9 / 5
-------------------------------------------------------------------------
Offset:              5.870ns (Levels of Logic = 2)
  Source:            manipulator/two_bit_counter/Q_0 (FF)
  Destination:       temp_manipulator<3> (PAD)
  Source Clock:      i/Clk2 rising

  Data Path: manipulator/two_bit_counter/Q_0 to temp_manipulator<3>
                                Gate     Net
    Cell:in->out      fanout   Delay   Delay  Logical Name (Net Name)
    ----------------------------------------  ------------
     FDR:C->Q              7   0.591   0.883  manipulator/two_bit_counter/Q_0 (manipulator/two_bit_counter/Q_0)
     LUT2:I0->O            1   0.704   0.420  manipulator/rotating/Mdecod_Out31 (temp_manipulator_3_OBUF)
     OBUF:I->O                 3.272          temp_manipulator_3_OBUF (temp_manipulator<3>)
    ----------------------------------------
    Total                      5.870ns (4.567ns logic, 1.303ns route)
                                       (77.8% logic, 22.2% route)

=========================================================================


Total REAL time to Xst completion: 5.00 secs
Total CPU time to Xst completion: 4.17 secs
 
--> 

Total memory usage is 231444 kilobytes

Number of errors   :    0 (   0 filtered)
Number of warnings :    3 (   0 filtered)
Number of infos    :    2 (   0 filtered)

