Release 14.2 - xst P.28xd (nt64)
Copyright (c) 1995-2012 Xilinx, Inc.  All rights reserved.
--> Parameter TMPDIR set to xst/projnav.tmp


Total REAL time to Xst completion: 0.00 secs
Total CPU time to Xst completion: 0.08 secs
 
--> Parameter xsthdpdir set to xst


Total REAL time to Xst completion: 0.00 secs
Total CPU time to Xst completion: 0.08 secs
 
--> Reading design: ring_counter.prj

TABLE OF CONTENTS
  1) Synthesis Options Summary
  2) HDL Compilation
  3) Design Hierarchy Analysis
  4) HDL Analysis
  5) HDL Synthesis
     5.1) HDL Synthesis Report
  6) Advanced HDL Synthesis
     6.1) Advanced HDL Synthesis Report
  7) Low Level Synthesis
  8) Partition Report
  9) Final Report
	9.1) Device utilization summary
	9.2) Partition Resource Summary
	9.3) TIMING REPORT


=========================================================================
*                      Synthesis Options Summary                        *
=========================================================================
---- Source Parameters
Input File Name                    : "ring_counter.prj"
Input Format                       : mixed
Ignore Synthesis Constraint File   : NO

---- Target Parameters
Output File Name                   : "ring_counter"
Output Format                      : NGC
Target Device                      : xc3s100e-4-cp132

---- Source Options
Top Module Name                    : ring_counter
Automatic FSM Extraction           : YES
FSM Encoding Algorithm             : Auto
Safe Implementation                : No
FSM Style                          : LUT
RAM Extraction                     : Yes
RAM Style                          : Auto
ROM Extraction                     : Yes
Mux Style                          : Auto
Decoder Extraction                 : YES
Priority Encoder Extraction        : Yes
Shift Register Extraction          : YES
Logical Shifter Extraction         : YES
XOR Collapsing                     : YES
ROM Style                          : Auto
Mux Extraction                     : Yes
Resource Sharing                   : YES
Asynchronous To Synchronous        : NO
Multiplier Style                   : Auto
Automatic Register Balancing       : No

---- Target Options
Add IO Buffers                     : YES
Global Maximum Fanout              : 100000
Add Generic Clock Buffer(BUFG)     : 24
Register Duplication               : YES
Slice Packing                      : YES
Optimize Instantiated Primitives   : NO
Use Clock Enable                   : Yes
Use Synchronous Set                : Yes
Use Synchronous Reset              : Yes
Pack IO Registers into IOBs        : Auto
Equivalent register Removal        : YES

---- General Options
Optimization Goal                  : Speed
Optimization Effort                : 1
Keep Hierarchy                     : No
Netlist Hierarchy                  : As_Optimized
RTL Output                         : Yes
Global Optimization                : AllClockNets
Read Cores                         : YES
Write Timing Constraints           : NO
Cross Clock Analysis               : NO
Hierarchy Separator                : /
Bus Delimiter                      : <>
Case Specifier                     : Maintain
Slice Utilization Ratio            : 100
BRAM Utilization Ratio             : 100
Verilog 2001                       : YES
Auto BRAM Packing                  : NO
Slice Utilization Ratio Delta      : 5

=========================================================================


=========================================================================
*                          HDL Compilation                              *
=========================================================================
Compiling verilog file "Up_counter_2bit.v" in library work
Compiling verilog file "dec2x4.v" in library work
Module <UpCounter_SyncReset> compiled
Compiling verilog file "ring_counter.v" in library work
Module <dec2x4> compiled
Module <ring_counter> compiled
No errors in compilation
Analysis of file <"ring_counter.prj"> succeeded.
 

=========================================================================
*                     Design Hierarchy Analysis                         *
=========================================================================
Analyzing hierarchy for module <ring_counter> in library <work>.

Analyzing hierarchy for module <UpCounter_SyncReset> in library <work>.

Analyzing hierarchy for module <dec2x4> in library <work>.


=========================================================================
*                            HDL Analysis                               *
=========================================================================
Analyzing top module <ring_counter>.
Module <ring_counter> is correct for synthesis.
 
Analyzing module <UpCounter_SyncReset> in library <work>.
Module <UpCounter_SyncReset> is correct for synthesis.
 
Analyzing module <dec2x4> in library <work>.
Module <dec2x4> is correct for synthesis.
 

=========================================================================
*                           HDL Synthesis                               *
=========================================================================

Performing bidirectional port resolution...

Synthesizing Unit <UpCounter_SyncReset>.
    Related source file is "Up_counter_2bit.v".
    Found 2-bit up counter for signal <Q>.
    Summary:
	inferred   1 Counter(s).
Unit <UpCounter_SyncReset> synthesized.


Synthesizing Unit <dec2x4>.
    Related source file is "dec2x4.v".
    Found 1-of-4 decoder for signal <Out>.
    Summary:
	inferred   1 Decoder(s).
Unit <dec2x4> synthesized.


Synthesizing Unit <ring_counter>.
    Related source file is "ring_counter.v".
Unit <ring_counter> synthesized.


=========================================================================
HDL Synthesis Report

Macro Statistics
# Counters                                             : 1
 2-bit up counter                                      : 1
# Decoders                                             : 1
 1-of-4 decoder                                        : 1

=========================================================================

=========================================================================
*                       Advanced HDL Synthesis                          *
=========================================================================


=========================================================================
Advanced HDL Synthesis Report

Macro Statistics
# Counters                                             : 1
 2-bit up counter                                      : 1
# Decoders                                             : 1
 1-of-4 decoder                                        : 1

=========================================================================

=========================================================================
*                         Low Level Synthesis                           *
=========================================================================

Optimizing unit <ring_counter> ...

Mapping all equations...
Building and optimizing final netlist ...
Found area constraint ratio of 100 (+ 5) on block ring_counter, actual ratio is 0.

Final Macro Processing ...

=========================================================================
Final Register Report

Macro Statistics
# Registers                                            : 2
 Flip-Flops                                            : 2

=========================================================================

=========================================================================
*                           Partition Report                            *
=========================================================================

Partition Implementation Status
-------------------------------

  No Partitions were found in this design.

-------------------------------

=========================================================================
*                            Final Report                               *
=========================================================================
Final Results
RTL Top Level Output File Name     : ring_counter.ngr
Top Level Output File Name         : ring_counter
Output Format                      : NGC
Optimization Goal                  : Speed
Keep Hierarchy                     : No

Design Statistics
# IOs                              : 5

Cell Usage :
# BELS                             : 6
#      INV                         : 1
#      LUT2                        : 5
# FlipFlops/Latches                : 2
#      FDR                         : 2
# Clock Buffers                    : 1
#      BUFGP                       : 1
# IO Buffers                       : 4
#      OBUF                        : 4
=========================================================================

Device utilization summary:
---------------------------

Selected Device : 3s100ecp132-4 

 Number of Slices:                        3  out of    960     0%  
 Number of Slice Flip Flops:              2  out of   1920     0%  
 Number of 4 input LUTs:                  6  out of   1920     0%  
 Number of IOs:                           5
 Number of bonded IOBs:                   5  out of     83     6%  
 Number of GCLKs:                         1  out of     24     4%  

---------------------------
Partition Resource Summary:
---------------------------

  No Partitions were found in this design.

---------------------------


=========================================================================
TIMING REPORT

NOTE: THESE TIMING NUMBERS ARE ONLY A SYNTHESIS ESTIMATE.
      FOR ACCURATE TIMING INFORMATION PLEASE REFER TO THE TRACE REPORT
      GENERATED AFTER PLACE-and-ROUTE.

Clock Information:
------------------
-----------------------------------+------------------------+-------+
Clock Signal                       | Clock buffer(FF name)  | Load  |
-----------------------------------+------------------------+-------+
clk                                | BUFGP                  | 2     |
-----------------------------------+------------------------+-------+

Asynchronous Control Signals Information:
----------------------------------------
No asynchronous control signals found in this design

Timing Summary:
---------------
Speed Grade: -4

   Minimum period: 3.545ns (Maximum Frequency: 282.087MHz)
   Minimum input arrival time before clock: No path found
   Maximum output required time after clock: 5.906ns
   Maximum combinational path delay: No path found

Timing Detail:
--------------
All values displayed in nanoseconds (ns)

=========================================================================
Timing constraint: Default period analysis for Clock 'clk'
  Clock period: 3.545ns (frequency: 282.087MHz)
  Total number of paths / destination ports: 7 / 4
-------------------------------------------------------------------------
Delay:               3.545ns (Levels of Logic = 1)
  Source:            two_bit_counter/Q_1 (FF)
  Destination:       two_bit_counter/Q_0 (FF)
  Source Clock:      clk rising
  Destination Clock: clk rising

  Data Path: two_bit_counter/Q_1 to two_bit_counter/Q_0
                                Gate     Net
    Cell:in->out      fanout   Delay   Delay  Logical Name (Net Name)
    ----------------------------------------  ------------
     FDR:C->Q              5   0.591   0.808  two_bit_counter/Q_1 (two_bit_counter/Q_1)
     LUT2:I0->O            3   0.704   0.531  selector<3>1 (selector_3_OBUF)
     FDR:R                     0.911          two_bit_counter/Q_0
    ----------------------------------------
    Total                      3.545ns (2.206ns logic, 1.339ns route)
                                       (62.2% logic, 37.8% route)

=========================================================================
Timing constraint: Default OFFSET OUT AFTER for Clock 'clk'
  Total number of paths / destination ports: 8 / 4
-------------------------------------------------------------------------
Offset:              5.906ns (Levels of Logic = 2)
  Source:            two_bit_counter/Q_1 (FF)
  Destination:       selector<3> (PAD)
  Source Clock:      clk rising

  Data Path: two_bit_counter/Q_1 to selector<3>
                                Gate     Net
    Cell:in->out      fanout   Delay   Delay  Logical Name (Net Name)
    ----------------------------------------  ------------
     FDR:C->Q              5   0.591   0.808  two_bit_counter/Q_1 (two_bit_counter/Q_1)
     LUT2:I0->O            3   0.704   0.531  selector<3>1 (selector_3_OBUF)
     OBUF:I->O                 3.272          selector_3_OBUF (selector<3>)
    ----------------------------------------
    Total                      5.906ns (4.567ns logic, 1.339ns route)
                                       (77.3% logic, 22.7% route)

=========================================================================


Total REAL time to Xst completion: 4.00 secs
Total CPU time to Xst completion: 4.09 secs
 
--> 

Total memory usage is 229268 kilobytes

Number of errors   :    0 (   0 filtered)
Number of warnings :    1 (   0 filtered)
Number of infos    :    0 (   0 filtered)

